Fri 10 Mar 2023 12:12:39 PM UTC: 
 tests:  0|7
total_score: 0/70
ee7a730
Fri 10 Mar 2023 12:26:44 PM UTC: 
 exercises.c | 3 +++
 1 file changed, 3 insertions(+)
In file included from test.c:5:
exercises.c: In function ‘swap’:
exercises.c:18:9: error: expected expression before ‘;’ token
   18 |   *a -=*;
      |         ^
Compilation failed
95dd63d
Fri 10 Mar 2023 12:26:55 PM UTC: 
 exercises.c | 2 +-
 1 file changed, 1 insertion(+), 1 deletion(-)
 tests:  1|6
total_score: 10/70
a2ff686
Fri 10 Mar 2023 09:24:08 PM UTC: 
 tests:  1|6
total_score: 10/70
55c711a
Sat 11 Mar 2023 02:02:43 AM UTC: 
 exercises.c | 7 ++++---
 1 file changed, 4 insertions(+), 3 deletions(-)
 tests:  0|7
total_score: 0/70
0ede92b
Sat 11 Mar 2023 02:03:35 AM UTC: 
 exercises.c | 8 +++-----
 1 file changed, 3 insertions(+), 5 deletions(-)
 tests:  1|6
total_score: 10/70
57f7d44
Sat 11 Mar 2023 02:26:11 AM UTC: 
 exercises.c | 8 +++++++-
 1 file changed, 7 insertions(+), 1 deletion(-)
In file included from test.c:5:
exercises.c: In function ‘arrayMaxMin’:
exercises.c:30:3: error: this ‘for’ clause does not guard... [-Werror=misleading-indentation]
   30 |   for (i=0;i<a[i];i++ )
      |   ^~~
exercises.c:33:5: note: ...this statement, but the latter is misleadingly indented as if it were guarded by the ‘for’
   33 |     if(a[i]<*min)
      |     ^~
cc1: all warnings being treated as errors
Compilation failed
a29969a
Sat 11 Mar 2023 02:47:25 AM UTC: 
 exercises.c | 5 ++++-
 1 file changed, 4 insertions(+), 1 deletion(-)
 tests:  1|6
total_score: 10/70
5753b7d
Sat 11 Mar 2023 05:50:24 PM UTC: 
 exercises.c | 6 +++---
 1 file changed, 3 insertions(+), 3 deletions(-)
 tests:  1|6
total_score: 10/70
0701009
Sat 11 Mar 2023 05:50:33 PM UTC: 
 exercises.c | 4 ++--
 1 file changed, 2 insertions(+), 2 deletions(-)
In file included from test.c:5:
exercises.c: In function ‘arrayMaxMin’:
exercises.c:31:3: error: this ‘for’ clause does not guard... [-Werror=misleading-indentation]
   31 |   for (i=0;i < a[i];i++ )
      |   ^~~
exercises.c:35:5: note: ...this statement, but the latter is misleadingly indented as if it were guarded by the ‘for’
   35 |     if(a[i] < *min)
      |     ^~
cc1: all warnings being treated as errors
Compilation failed
c24a31e
Sat 11 Mar 2023 05:51:24 PM UTC: 
 exercises.c | 5 ++---
 1 file changed, 2 insertions(+), 3 deletions(-)
 tests:  2|5
total_score: 20/70
dc57987
Sat 11 Mar 2023 08:20:57 PM UTC: 
 exercises.c | 4 ++++
 1 file changed, 4 insertions(+)
In file included from test.c:5:
exercises.c: In function ‘sumaV’:
exercises.c:105:16: error: invalid operands to binary + (have ‘Vector’ and ‘Vector’)
  105 |     c[i] = a[i]+b[i];
      |            ~~~~^~~~~
      |             |    |
      |             |    Vector
      |             Vector
Compilation failed
4bf67f5
Sat 11 Mar 2023 08:21:29 PM UTC: 
 exercises.c | 2 +-
 1 file changed, 1 insertion(+), 1 deletion(-)
In file included from test.c:5:
exercises.c: In function ‘sumaV’:
exercises.c:105:17: error: invalid operands to binary + (have ‘Vector’ and ‘Vector’)
  105 |     c[i] = a[i] + b[i];
      |            ~~~~ ^ ~~~~
      |             |      |
      |             Vector Vector
Compilation failed
6813eec
Sat 11 Mar 2023 08:30:47 PM UTC: 
 exercises.c | 3 ++-
 1 file changed, 2 insertions(+), 1 deletion(-)
In file included from test.c:5:
exercises.c: In function ‘sumaV’:
exercises.c:104:13: error: incompatible types when initializing type ‘int’ using type ‘Vector’
  104 |   int tam = *a = *b;
      |             ^
exercises.c:106:17: error: invalid operands to binary + (have ‘Vector’ and ‘Vector’)
  106 |     c[i] = a[i] + b[i];
      |            ~~~~ ^ ~~~~
      |             |      |
      |             Vector Vector
Compilation failed
afb2e6e
Sat 11 Mar 2023 08:31:08 PM UTC: 
 exercises.c | 2 +-
 1 file changed, 1 insertion(+), 1 deletion(-)
In file included from test.c:5:
exercises.c: In function ‘sumaV’:
exercises.c:104:3: error: ‘tam’ undeclared (first use in this function); did you mean ‘tan’?
  104 |   tam = *a = *b;
      |   ^~~
      |   tan
exercises.c:104:3: note: each undeclared identifier is reported only once for each function it appears in
exercises.c:106:17: error: invalid operands to binary + (have ‘Vector’ and ‘Vector’)
  106 |     c[i] = a[i] + b[i];
      |            ~~~~ ^ ~~~~
      |             |      |
      |             Vector Vector
Compilation failed
643ecda
Sat 11 Mar 2023 08:35:05 PM UTC: 
 exercises.c | 4 ++--
 1 file changed, 2 insertions(+), 2 deletions(-)
test.c: In function ‘sumaV’:
test.c:251:5: error: ‘main’ is normally a non-static function [-Werror=main]
  251 | int main( int argc, char *argv[] ) {
      |     ^~~~
test.c:271:1: error: expected declaration or statement at end of input
  271 | }
      | ^
At top level:
test.c:251:5: error: ‘main’ defined but not used [-Werror=unused-function]
  251 | int main( int argc, char *argv[] ) {
      |     ^~~~
cc1: all warnings being treated as errors
Compilation failed
dca5242
Sat 11 Mar 2023 08:35:56 PM UTC: 
 exercises.c | 4 ++--
 1 file changed, 2 insertions(+), 2 deletions(-)
 tests:  1|6
total_score: 10/70
7fafb9c
Sat 11 Mar 2023 08:39:32 PM UTC: 
 exercises.c | 4 +++-
 1 file changed, 3 insertions(+), 1 deletion(-)
 tests:  3|4
total_score: 30/70
a0e263e
Mon 13 Mar 2023 02:35:15 AM UTC: 
 exercises.c | 7 +++----
 1 file changed, 3 insertions(+), 4 deletions(-)
In file included from test.c:5:
exercises.c: In function ‘sumaV’:
exercises.c:105:17: error: ‘Vector’ has no member named ‘tam’
  105 |   int i, tam = a->tam;
      |                 ^~
exercises.c:107:6: error: ‘Vector’ has no member named ‘arreglo’
  107 |     c->arreglo[i] = a->arreglo[i] + b->arreglo[i];
      |      ^~
exercises.c:107:22: error: ‘Vector’ has no member named ‘arreglo’
  107 |     c->arreglo[i] = a->arreglo[i] + b->arreglo[i];
      |                      ^~
exercises.c:107:38: error: ‘Vector’ has no member named ‘arreglo’
  107 |     c->arreglo[i] = a->arreglo[i] + b->arreglo[i];
      |                                      ^~
Compilation failed
3e43f75
Mon 13 Mar 2023 02:41:30 AM UTC: 
 exercises.c | 9 ++++-----
 1 file changed, 4 insertions(+), 5 deletions(-)
In file included from test.c:5:
exercises.c: In function ‘asignarValor’:
exercises.c:87:22: error: ‘Vector’ has no member named ‘tam’
   87 |   if (i >= 0 && i < v->tam) {
      |                      ^~
exercises.c:88:8: error: ‘Vector’ has no member named ‘arreglo’
   88 |       v->arreglo[i] = valor;
      |        ^~
Compilation failed
c6d354c
Mon 13 Mar 2023 02:44:38 AM UTC: 
 exercises.c | 4 ++--
 1 file changed, 2 insertions(+), 2 deletions(-)
In file included from test.c:5:
exercises.c: In function ‘asignarValor’:
exercises.c:87:22: error: ‘Vector’ has no member named ‘valor’
   87 |   if (i >= 0 && i < v->valor) {
      |                      ^~
exercises.c:88:8: error: ‘Vector’ has no member named ‘vector’
   88 |       v->vector[i] = valor;
      |        ^~
Compilation failed
ded35d2
Mon 13 Mar 2023 02:55:48 AM UTC: 
 exercises.c | 16 +++++++++++++++-
 1 file changed, 15 insertions(+), 1 deletion(-)
In file included from test.c:5:
exercises.c: In function ‘crearVector’:
exercises.c:91:11: error: expected ‘;’ before ‘}’ token
   91 |   return v
      |           ^
      |           ;
   92 |    //return NULL;
   93 | }
      | ~          
exercises.c: In function ‘asignarValor’:
exercises.c:101:22: error: ‘Vector’ has no member named ‘valor’
  101 |   if (i >= 0 && i < v->valor) {
      |                      ^~
exercises.c:102:8: error: ‘Vector’ has no member named ‘vector’
  102 |       v->vector[i] = valor;
      |        ^~
Compilation failed
bc713f6
Mon 13 Mar 2023 02:55:56 AM UTC: 
 exercises.c | 2 +-
 1 file changed, 1 insertion(+), 1 deletion(-)
In file included from test.c:5:
exercises.c: In function ‘asignarValor’:
exercises.c:101:22: error: ‘Vector’ has no member named ‘valor’
  101 |   if (i >= 0 && i < v->valor) {
      |                      ^~
exercises.c:102:8: error: ‘Vector’ has no member named ‘vector’
  102 |       v->vector[i] = valor;
      |        ^~
Compilation failed
9c86453
Mon 13 Mar 2023 02:56:10 AM UTC: 
 exercises.c | 4 +---
 1 file changed, 1 insertion(+), 3 deletions(-)
 tests:  4|3
total_score: 40/70
3636002
Mon 13 Mar 2023 02:57:14 AM UTC: 
 exercises.c | 2 +-
 1 file changed, 1 insertion(+), 1 deletion(-)
 tests:  4|3
total_score: 40/70
16fa2c6
Mon 13 Mar 2023 02:58:05 AM UTC: 
 exercises.c | 18 +++++++++---------
 1 file changed, 9 insertions(+), 9 deletions(-)
 tests:  3|4
total_score: 30/70
129d728
Mon 13 Mar 2023 02:59:50 AM UTC: 
 exercises.c | 5 ++---
 1 file changed, 2 insertions(+), 3 deletions(-)
test.c: In function ‘crearVector’:
test.c:251:5: error: ‘main’ is normally a non-static function [-Werror=main]
  251 | int main( int argc, char *argv[] ) {
      |     ^~~~
test.c:271:1: error: expected declaration or statement at end of input
  271 | }
      | ^
test.c:272: error: control reaches end of non-void function [-Werror=return-type]
At top level:
test.c:251:5: error: ‘main’ defined but not used [-Werror=unused-function]
  251 | int main( int argc, char *argv[] ) {
      |     ^~~~
cc1: all warnings being treated as errors
Compilation failed
15bb393
Mon 13 Mar 2023 03:00:05 AM UTC: 
 exercises.c | 2 +-
 1 file changed, 1 insertion(+), 1 deletion(-)
 tests:  3|4
total_score: 30/70
8b952c5
Mon 13 Mar 2023 03:00:37 AM UTC: 
 exercises.c | 6 ++----
 1 file changed, 2 insertions(+), 4 deletions(-)
 tests:  3|4
total_score: 30/70
016ea6d
Sat 18 Mar 2023 04:06:57 AM UTC: 
 exercises.c | 2 +-
 1 file changed, 1 insertion(+), 1 deletion(-)
 tests:  4|3
total_score: 40/70
5dad882
Sat 18 Mar 2023 04:08:55 AM UTC: 
 exercises.c | 2 ++
 1 file changed, 2 insertions(+)
 tests:  4|3
total_score: 40/70
d838b64
Sat 18 Mar 2023 04:13:28 AM UTC: 
 exercises.c | 3 +--
 1 file changed, 1 insertion(+), 2 deletions(-)
 tests:  3|4
total_score: 30/70
f0c506c
Sat 18 Mar 2023 04:15:33 AM UTC: 
 exercises.c | 8 ++++++++
 1 file changed, 8 insertions(+)
 tests:  6|2
total_score: 50/70
8b367fd
Sat 18 Mar 2023 04:16:50 AM UTC: 
 exercises.c | 2 +-
 1 file changed, 1 insertion(+), 1 deletion(-)
 tests:  6|2
total_score: 50/70
6d842b2
Sat 18 Mar 2023 04:20:03 AM UTC: 
 exercises.c | 5 +++++
 1 file changed, 5 insertions(+)
 tests:  7|1
total_score: 60/70
0b90bad
